<?xml version="1.0" encoding="UTF-8"?>
<testng-results ignored="0" total="5" passed="5" failed="0" skipped="0">
  <reporter-output>
  </reporter-output>
  <suite started-at="2026-07-21T12:25:21 IST" name="Suite" finished-at="2026-07-21T12:25:27 IST" duration-ms="6552">
    <groups>
      <group name="cucumber">
        <method signature="AbstractTestNGCucumberTests.runScenario(io.cucumber.testng.PickleWrapper,io.cucumber.testng.FeatureWrapper)[pri:0, instance:com.spotify.runner.PlaylistRunner@2ea227af]" name="runScenario" class="io.cucumber.testng.AbstractTestNGCucumberTests"/>
      </group> <!-- cucumber -->
    </groups>
    <test started-at="2026-07-21T12:25:21 IST" name="Test" finished-at="2026-07-21T12:25:27 IST" duration-ms="6552">
      <class name="com.spotify.runner.PlaylistRunner">
        <test-method is-config="true" signature="setUpClass(org.testng.ITestContext)[pri:0, instance:com.spotify.runner.PlaylistRunner@2ea227af]" started-at="2026-07-21T12:25:21 IST" name="setUpClass" finished-at="2026-07-21T12:25:21 IST" duration-ms="113" status="PASS">
          <params>
            <param index="0">
              <value>
                <![CDATA[org.testng.TestRunner@37142579]]>
              </value>
            </param>
          </params>
          <reporter-output>
          </reporter-output>
        </test-method> <!-- setUpClass -->
        <test-method signature="runScenario(io.cucumber.testng.PickleWrapper,io.cucumber.testng.FeatureWrapper)[pri:0, instance:com.spotify.runner.PlaylistRunner@2ea227af]" started-at="2026-07-21T12:25:21 IST" name="runScenario" description="Runs Cucumber Scenarios" data-provider="scenarios" finished-at="2026-07-21T12:25:22 IST" duration-ms="1365" status="PASS">
          <params>
            <param index="0">
              <value>
                <![CDATA["Successfully creating a new Playlists"]]>
              </value>
            </param>
            <param index="1">
              <value>
                <![CDATA["Spotify Playlist Management"]]>
              </value>
            </param>
          </params>
          <reporter-output>
          </reporter-output>
        </test-method> <!-- runScenario -->
        <test-method signature="runScenario(io.cucumber.testng.PickleWrapper,io.cucumber.testng.FeatureWrapper)[pri:0, instance:com.spotify.runner.PlaylistRunner@2ea227af]" started-at="2026-07-21T12:25:22 IST" name="runScenario" description="Runs Cucumber Scenarios" data-provider="scenarios" finished-at="2026-07-21T12:25:22 IST" duration-ms="406" status="PASS">
          <params>
            <param index="0">
              <value>
                <![CDATA["Successfully fetching a created Playlist"]]>
              </value>
            </param>
            <param index="1">
              <value>
                <![CDATA["Spotify Playlist Management"]]>
              </value>
            </param>
          </params>
          <reporter-output>
          </reporter-output>
        </test-method> <!-- runScenario -->
        <test-method signature="runScenario(io.cucumber.testng.PickleWrapper,io.cucumber.testng.FeatureWrapper)[pri:0, instance:com.spotify.runner.PlaylistRunner@2ea227af]" started-at="2026-07-21T12:25:22 IST" name="runScenario" description="Runs Cucumber Scenarios" data-provider="scenarios" finished-at="2026-07-21T12:25:23 IST" duration-ms="254" status="PASS">
          <params>
            <param index="0">
              <value>
                <![CDATA["Successfully adding item to playlist"]]>
              </value>
            </param>
            <param index="1">
              <value>
                <![CDATA["Spotify Playlist Management"]]>
              </value>
            </param>
          </params>
          <reporter-output>
          </reporter-output>
        </test-method> <!-- runScenario -->
        <test-method signature="runScenario(io.cucumber.testng.PickleWrapper,io.cucumber.testng.FeatureWrapper)[pri:0, instance:com.spotify.runner.PlaylistRunner@2ea227af]" started-at="2026-07-21T12:25:23 IST" name="runScenario" description="Runs Cucumber Scenarios" data-provider="scenarios" finished-at="2026-07-21T12:25:27 IST" duration-ms="4010" status="PASS">
          <params>
            <param index="0">
              <value>
                <![CDATA["Succesfully adding cover image to playlist"]]>
              </value>
            </param>
            <param index="1">
              <value>
                <![CDATA["Spotify Playlist Management"]]>
              </value>
            </param>
          </params>
          <reporter-output>
          </reporter-output>
        </test-method> <!-- runScenario -->
        <test-method signature="runScenario(io.cucumber.testng.PickleWrapper,io.cucumber.testng.FeatureWrapper)[pri:0, instance:com.spotify.runner.PlaylistRunner@2ea227af]" started-at="2026-07-21T12:25:27 IST" name="runScenario" description="Runs Cucumber Scenarios" data-provider="scenarios" finished-at="2026-07-21T12:25:27 IST" duration-ms="387" status="PASS">
          <params>
            <param index="0">
              <value>
                <![CDATA[": Succesfully removing item from playlist"]]>
              </value>
            </param>
            <param index="1">
              <value>
                <![CDATA["Spotify Playlist Management"]]>
              </value>
            </param>
          </params>
          <reporter-output>
          </reporter-output>
        </test-method> <!-- runScenario -->
        <test-method is-config="true" signature="tearDownClass()[pri:0, instance:com.spotify.runner.PlaylistRunner@2ea227af]" started-at="2026-07-21T12:25:27 IST" name="tearDownClass" finished-at="2026-07-21T12:25:27 IST" duration-ms="1" status="PASS">
          <reporter-output>
          </reporter-output>
        </test-method> <!-- tearDownClass -->
      </class> <!-- com.spotify.runner.PlaylistRunner -->
    </test> <!-- Test -->
  </suite> <!-- Suite -->
</testng-results>
