<?xml version="1.0" encoding="UTF-8"?>
<!-- Generated by org.testng.reporters.JUnitReportReporter -->
<testsuite hostname="MacBook-Air.local" failures="0" tests="5" name="com.spotify.runner.PlaylistRunner" time="5.366" errors="0" timestamp="2026-09-01T21:14:30 IST" skipped="0">
  <testcase classname="com.spotify.runner.PlaylistRunner" name="runScenario" time="0.324"/>
  <testcase classname="com.spotify.runner.PlaylistRunner" name="runScenario" time="0.246"/>
  <testcase classname="com.spotify.runner.PlaylistRunner" name="runScenario" time="3.222"/>
  <testcase classname="com.spotify.runner.PlaylistRunner" name="runScenario" time="0.294"/>
  <testcase classname="com.spotify.runner.PlaylistRunner" name="runScenario" time="1.280"/>
</testsuite> <!-- com.spotify.runner.PlaylistRunner -->
