<?xml version="1.0" encoding="UTF-8"?>
<!-- Generated by org.testng.reporters.JUnitReportReporter -->
<testsuite hostname="MacBook-Air.local" failures="1" tests="2" name="runner.PlaylistRunner" time="1.344" errors="0" timestamp="2026-07-11T18:16:19 IST" skipped="0">
  <testcase classname="runner.PlaylistRunner" name="runScenario" time="0.258">
    <failure message="expected [PlaylistId] but found [Chill Vibes 2026]" type="java.lang.AssertionError">
      <![CDATA[java.lang.AssertionError: expected [PlaylistId] but found [Chill Vibes 2026]
at org.testng.Assert.fail(Assert.java:111)
at org.testng.Assert.failNotEquals(Assert.java:1578)
at org.testng.Assert.assertEqualsImpl(Assert.java:150)
at org.testng.Assert.assertEquals(Assert.java:132)
at org.testng.Assert.assertEquals(Assert.java:656)
at org.testng.Assert.assertEquals(Assert.java:666)
at com.spotify.tests.CreatePlaylistStep.the_playlist_in_the_response_should_match(CreatePlaylistStep.java:91)
at ✽.the playlist "id" in the response should match "PlaylistId"(file:///Users/saurabhbansod/Desktop/Asus%20Computer/Eclipse%20Workspace%202020-09/ATT28MarchRestAssured/src/test/resources/spotifyFeatures/Playlist.feature:31)
]]>
    </failure>
  </testcase> <!-- runScenario -->
  <testcase classname="runner.PlaylistRunner" name="runScenario" time="1.086"/>
</testsuite> <!-- runner.PlaylistRunner -->
