<?xml version="1.0" encoding="UTF-8"?>
<!-- Generated by org.testng.reporters.JUnitReportReporter -->
<testsuite hostname="MacBook-Air.local" failures="0" tests="5" name="com.spotify.runner.PlaylistRunner" time="6.422" errors="0" timestamp="2026-07-21T12:25:27 IST" skipped="0">
  <testcase classname="com.spotify.runner.PlaylistRunner" name="runScenario" time="0.254"/>
  <testcase classname="com.spotify.runner.PlaylistRunner" name="runScenario" time="0.406"/>
  <testcase classname="com.spotify.runner.PlaylistRunner" name="runScenario" time="1.365"/>
  <testcase classname="com.spotify.runner.PlaylistRunner" name="runScenario" time="4.010"/>
  <testcase classname="com.spotify.runner.PlaylistRunner" name="runScenario" time="0.387"/>
</testsuite> <!-- com.spotify.runner.PlaylistRunner -->
